16 2021 May 10:16:01 [INF] Starting generate random files
16 2021 May 10:16:01 [INF] Generated file [data.67563b39]
16 2021 May 10:16:01 [INF] Generated file [data.f8def537]
16 2021 May 10:16:01 [INF] Generated file [data.b51cb32c]
16 2021 May 10:16:01 [INF] Generated file [data.7481bdb4]
16 2021 May 10:16:01 [INF] Generated file [data.b2d9d20e]
16 2021 May 10:16:01 [INF] Generated file [data.a5ecce54]
16 2021 May 10:16:01 [INF] Generated file [data.4fd8ffa3]
16 2021 May 10:16:01 [INF] Generated file [data.689172d1]
16 2021 May 10:16:01 [INF] Generated file [data.dfb495a5]
16 2021 May 10:16:01 [INF] Generated file [data.97619b1c]
16 2021 May 10:16:02 [INF] Finished
16 2021 May 10:19:57 [INF] Starting generate random files
16 2021 May 10:19:57 [INF] Generated file [data.ef392fbb]
16 2021 May 10:19:57 [INF] Generated file [data.fe01a7f4]
16 2021 May 10:19:57 [INF] Generated file [data.f2795cc4]
16 2021 May 10:19:57 [INF] Generated file [data.7bd53c02]
16 2021 May 10:19:57 [INF] Generated file [data.99c1e19c]
16 2021 May 10:19:57 [INF] Generated file [data.8fb2317b]
16 2021 May 10:19:57 [INF] Generated file [data.a39d1c07]
16 2021 May 10:19:57 [INF] Generated file [data.d57a277e]
16 2021 May 10:19:57 [INF] Generated file [data.d7198b4d]
16 2021 May 10:19:57 [INF] Generated file [data.d4038ea5]
16 2021 May 10:19:57 [INF] Sync enabled, start syncronizing...
16 2021 May 10:19:59 [INF] sync finished
16 2021 May 10:19:59 [INF] Finished
